F:\PBA_V1.0.5\PBA\BIN\PBA_X64.DLL
F:\pba_v1.0.5\pba\bin\pba_x64.exp
F:\pba_v1.0.5\pba\bin\pba_x64.lib
F:\pba_v1.0.5\pba\msvc\pba\..\..\bin\pba_x64.dll
F:\pba_v1.0.5\pba\msvc\pba\Release_x64\cl.command.1.tlog
F:\pba_v1.0.5\pba\msvc\pba\Release_x64\CL.read.1.tlog
F:\pba_v1.0.5\pba\msvc\pba\Release_x64\CL.write.1.tlog
F:\PBA_V1.0.5\PBA\MSVC\PBA\RELEASE_X64\CONFIGBA.OBJ
F:\PBA_V1.0.5\PBA\MSVC\PBA\RELEASE_X64\CUTEXIMAGE.OBJ
F:\pba_v1.0.5\pba\msvc\pba\Release_x64\link.command.1.tlog
F:\pba_v1.0.5\pba\msvc\pba\Release_x64\link.read.1.tlog
F:\pba_v1.0.5\pba\msvc\pba\Release_x64\link.write.1.tlog
F:\pba_v1.0.5\pba\msvc\pba\Release_x64\mt.command.1.tlog
F:\pba_v1.0.5\pba\msvc\pba\Release_x64\mt.read.1.tlog
F:\pba_v1.0.5\pba\msvc\pba\Release_x64\mt.write.1.tlog
F:\PBA_V1.0.5\PBA\MSVC\PBA\RELEASE_X64\PBA.OBJ
F:\pba_v1.0.5\pba\msvc\pba\Release_x64\pba.write.1.tlog
F:\PBA_V1.0.5\PBA\MSVC\PBA\RELEASE_X64\PBA_X64.DLL.INTERMEDIATE.MANIFEST
F:\pba_v1.0.5\pba\msvc\pba\Release_x64\ProgramCU.cu.cache
F:\pba_v1.0.5\pba\msvc\pba\Release_x64\ProgramCU.cu.obj
F:\PBA_V1.0.5\PBA\MSVC\PBA\RELEASE_X64\SPARSEBUNDLECPU.OBJ
F:\PBA_V1.0.5\PBA\MSVC\PBA\RELEASE_X64\SPARSEBUNDLECU.OBJ
F:\PBA_V1.0.5\PBA\MSVC\PBA\RELEASE_X64\VC100.PDB
